Bowtie2 looks for the specified index first in the current directory, then in the directory specified in the BOWTIE2_INDEXES environment variable.
The pregenerated indexes for the reference genonomes are placed under /sw/data/reference/*/*/program_files/bowtie2 for each reference genome
[Pipeline]
samples="\
FMT105 \
FMT109 \
FMT111 \
FMT115 \
FMT117 \
FMT118 \
"
forward_identifier="_1.fastq.gz"
reverse_identifier="_2.fastq.gz"
seq_data_dir="/proj/snic2020-6-153/delivery03711"
project_dir_rel="/proj/uppstore2019028/projects/metagenome/theo/newscripts/test"
meteor_counting_prefix_name="vs_hs_10_4_igc2_id95_rmHost_id95"
catalog_type="gut_catalog"
seq_platform="illumina"
trimFasta="/proj/uppstore2019028/projects/metagenome/alienTrimmerPF8contaminants.fasta"
meteorImportScript="/proj/uppstore2019028/meteor.2019.11.04/MeteorImportFastq.rb"
reference="/proj/uppstore2019028/projects/metagenome/meteor.reference"
meteor="/proj/uppstore2019028/projects/metagenome/software/meteor_linux_2019.11.04"
Rdir="/proj/uppstore2019028/projects/metagenome/meteor_downstream_rscripts"
[worksession]
meteor.reference.dir=/proj/uppstore2019028/projects/metagenome/meteor.references/
meteor.db.type=binary
meteor.nb.attempts=3
meteor.read.cleaning.program=none
meteor.read.cleaning.cmd=
meteor.mapping.program=bowtie2
meteor.mapping.file.format=sam
meteor.is.cpu.percentage=0
meteor.cpu.count=10
meteor.checksum=md5
meteor.excluded.reference.count=3
[main_reference]
meteor.reference.name=hs_10_4_igc2
meteor.matches=10000
meteor.mismatches=5
meteor.is.perc.mismatches=1
meteor.bestalignment=1
meteor.mapper.cmd=
meteor.mapping.prefix.name=mapping_vs_hs_10_4_igc2
meteor.counting.prefix.name=vs_hs_10_4_igc2_id95_rmHost_id95
[excluded_reference_1]
meteor.reference.name=Homo_sapiens_GRCh38
meteor.matches=1
meteor.mismatches=5
meteor.is.perc.mismatches=1
meteor.bestalignment=1
meteor.mapping.prefix.name=mapping_vs_Homo_sapiens_GRCh38
[excluded_reference_2]
meteor.reference.name=A_thaliana_TAIR10
meteor.matches=1
meteor.mismatches=5
meteor.is.perc.mismatches=1
meteor.bestalignment=1
meteor.mapping.prefix.name=mapping_vs_A_thaliana_TAIR10
[excluded_reference_3]
meteor.reference.name=Bos_taurus_UMD3
meteor.matches=1
meteor.mismatches=5
meteor.is.perc.mismatches=1
meteor.bestalignment=1
meteor.mapping.prefix.name=mapping_vs_Bos_taurus_UMD3
sending incremental file list

sent 20 bytes  received 12 bytes  64.00 bytes/sec
total size is 0  speedup is 0.00
srun: error: r84: tasks 0-4: Exited with exit code 2
rsync: change_dir "/scratch/19320328/FMT105" failed: No such file or directory (2)
rsync error: some files/attrs were not transferred (see previous errors) (code 23) at main.c(1179) [sender=3.1.2]
sending incremental file list

sent 20 bytes  received 12 bytes  64.00 bytes/sec
total size is 0  speedup is 0.00
srun: error: r84: tasks 0-4: Exited with exit code 2
rsync: change_dir "/scratch/19320328/FMT109" failed: No such file or directory (2)
rsync error: some files/attrs were not transferred (see previous errors) (code 23) at main.c(1179) [sender=3.1.2]
sending incremental file list

sent 20 bytes  received 12 bytes  64.00 bytes/sec
total size is 0  speedup is 0.00
srun: Job 19320328 step creation temporarily disabled, retrying
srun: Step created for job 19320328
srun: error: r84: tasks 0-4: Exited with exit code 2
rsync: change_dir "/scratch/19320328/FMT115" failed: No such file or directory (2)
rsync error: some files/attrs were not transferred (see previous errors) (code 23) at main.c(1179) [sender=3.1.2]
sending incremental file list

sent 20 bytes  received 12 bytes  64.00 bytes/sec
total size is 0  speedup is 0.00
srun: Job 19320328 step creation temporarily disabled, retrying
srun: Step created for job 19320328
srun: error: r84: tasks 0-4: Exited with exit code 2
rsync: change_dir "/scratch/19320328/FMT117" failed: No such file or directory (2)
rsync error: some files/attrs were not transferred (see previous errors) (code 23) at main.c(1179) [sender=3.1.2]
sending incremental file list

sent 20 bytes  received 12 bytes  64.00 bytes/sec
total size is 0  speedup is 0.00
srun: Job 19320328 step creation temporarily disabled, retrying
srun: Step created for job 19320328
srun: error: r84: tasks 0-4: Exited with exit code 2
rsync: change_dir "/scratch/19320328/FMT111" failed: No such file or directory (2)
rsync error: some files/attrs were not transferred (see previous errors) (code 23) at main.c(1179) [sender=3.1.2]
sending incremental file list

sent 20 bytes  received 12 bytes  64.00 bytes/sec
total size is 0  speedup is 0.00
srun: Job 19320328 step creation temporarily disabled, retrying
srun: Step created for job 19320328
srun: error: r84: tasks 0-4: Exited with exit code 2
rsync: change_dir "/scratch/19320328/FMT118" failed: No such file or directory (2)
rsync error: some files/attrs were not transferred (see previous errors) (code 23) at main.c(1179) [sender=3.1.2]
srun: error: r84: tasks 0-4: Exited with exit code 2
